  AnchorParticle.cpp
  BuoyancyForceGenerator.cpp
  callbacks.cpp
  ExplosionGenerator.cpp
  ForceGenerator.cpp
  GravityGenerator.cpp
  Level1.cpp
  Level2.cpp
  main.cpp
  MyVector3.cpp
  NormalGenerator.cpp
  Particle.cpp
  ParticleGenerator.cpp
  ParticleSystem.cpp
  RenderUtils.cpp
  Camera.cpp
C:\Users\Javi\Desktop\Escritorio Temporal\SIM\SimulacionFisicaVideojuegos\skeleton\MyVector3.cpp(24,22): warning C5267: la definición de constructor de copia implícita para 'MyVector3' está en desuso porque tiene un operador de asignaciones proporcionado por el usuario
C:\Users\Javi\Desktop\Escritorio Temporal\SIM\SimulacionFisicaVideojuegos\skeleton\MyVector3.cpp(29,5): message : el constructor de copia implícito para 'MyVector3' se requiere primero aquí
C:\Users\Javi\Desktop\Escritorio Temporal\SIM\SimulacionFisicaVideojuegos\common\PhysX-3.4\PxShared\include\task\PxTask.h(329,1): warning C5220: "physx::PxLightCpuTask::mRefCount": un miembro de datos no estático con un tipo calificado volátil ya no implica
           que los constructores de copia/movimiento generados por el compilador y los operadores de asignación de copia o movimiento no sean triviales (compilando archivo de origen callbacks.cpp)
C:\Users\Javi\Desktop\Escritorio Temporal\SIM\SimulacionFisicaVideojuegos\common\PhysX-3.4\PxShared\include\task\PxTask.h(326,19): message : vea la declaración de 'physx::PxLightCpuTask::mRefCount' (compilando archivo de origen callbacks.cpp)
C:\Users\Javi\Desktop\Escritorio Temporal\SIM\SimulacionFisicaVideojuegos\common\PhysX-3.4\PxShared\include\task\PxTask.h(329,1): warning C5220: "physx::PxLightCpuTask::mRefCount": un miembro de datos no estático con un tipo calificado volátil ya no implica
           que los constructores de copia/movimiento generados por el compilador y los operadores de asignación de copia o movimiento no sean triviales (compilando archivo de origen main.cpp)
C:\Users\Javi\Desktop\Escritorio Temporal\SIM\SimulacionFisicaVideojuegos\common\PhysX-3.4\PxShared\include\task\PxTask.h(326,19): message : vea la declaración de 'physx::PxLightCpuTask::mRefCount' (compilando archivo de origen main.cpp)
C:\Users\Javi\Desktop\Escritorio Temporal\SIM\SimulacionFisicaVideojuegos\skeleton\Render\Camera.cpp(88,19): warning C5219: conversión implícita de "int" a "float"; posible pérdida de datos
C:\Users\Javi\Desktop\Escritorio Temporal\SIM\SimulacionFisicaVideojuegos\skeleton\Render\Camera.cpp(90,19): warning C5219: conversión implícita de "int" a "float"; posible pérdida de datos
  Render.cpp
C:\Users\Javi\Desktop\Escritorio Temporal\SIM\SimulacionFisicaVideojuegos\common\PhysX-3.4\PxShared\include\task\PxTask.h(329,1): warning C5220: "physx::PxLightCpuTask::mRefCount": un miembro de datos no estático con un tipo calificado volátil ya no implica
           que los constructores de copia/movimiento generados por el compilador y los operadores de asignación de copia o movimiento no sean triviales (compilando archivo de origen RenderUtils.cpp)
C:\Users\Javi\Desktop\Escritorio Temporal\SIM\SimulacionFisicaVideojuegos\common\PhysX-3.4\PxShared\include\task\PxTask.h(326,19): message : vea la declaración de 'physx::PxLightCpuTask::mRefCount' (compilando archivo de origen RenderUtils.cpp)
  RigidBody.cpp
C:\Users\Javi\Desktop\Escritorio Temporal\SIM\SimulacionFisicaVideojuegos\common\PhysX-3.4\PxShared\include\task\PxTask.h(329,1): warning C5220: "physx::PxLightCpuTask::mRefCount": un miembro de datos no estático con un tipo calificado volátil ya no implica
           que los constructores de copia/movimiento generados por el compilador y los operadores de asignación de copia o movimiento no sean triviales (compilando archivo de origen Level2.cpp)
C:\Users\Javi\Desktop\Escritorio Temporal\SIM\SimulacionFisicaVideojuegos\common\PhysX-3.4\PxShared\include\task\PxTask.h(326,19): message : vea la declaración de 'physx::PxLightCpuTask::mRefCount' (compilando archivo de origen Level2.cpp)
C:\Users\Javi\Desktop\Escritorio Temporal\SIM\SimulacionFisicaVideojuegos\common\PhysX-3.4\PxShared\include\task\PxTask.h(329,1): warning C5220: "physx::PxLightCpuTask::mRefCount": un miembro de datos no estático con un tipo calificado volátil ya no implica
           que los constructores de copia/movimiento generados por el compilador y los operadores de asignación de copia o movimiento no sean triviales (compilando archivo de origen Level1.cpp)
C:\Users\Javi\Desktop\Escritorio Temporal\SIM\SimulacionFisicaVideojuegos\common\PhysX-3.4\PxShared\include\task\PxTask.h(326,19): message : vea la declaración de 'physx::PxLightCpuTask::mRefCount' (compilando archivo de origen Level1.cpp)
C:\Users\Javi\Desktop\Escritorio Temporal\SIM\SimulacionFisicaVideojuegos\common\PhysX-3.4\PxShared\include\task\PxTask.h(329,1): warning C5220: "physx::PxLightCpuTask::mRefCount": un miembro de datos no estático con un tipo calificado volátil ya no implica
           que los constructores de copia/movimiento generados por el compilador y los operadores de asignación de copia o movimiento no sean triviales (compilando archivo de origen Render\Render.cpp)
C:\Users\Javi\Desktop\Escritorio Temporal\SIM\SimulacionFisicaVideojuegos\common\PhysX-3.4\PxShared\include\task\PxTask.h(326,19): message : vea la declaración de 'physx::PxLightCpuTask::mRefCount' (compilando archivo de origen Render\Render.cpp)
C:\Users\Javi\Desktop\Escritorio Temporal\SIM\SimulacionFisicaVideojuegos\common\PhysX-3.4\PxShared\include\task\PxTask.h(329,1): warning C5220: "physx::PxLightCpuTask::mRefCount": un miembro de datos no estático con un tipo calificado volátil ya no implica
           que los constructores de copia/movimiento generados por el compilador y los operadores de asignación de copia o movimiento no sean triviales (compilando archivo de origen BuoyancyForceGenerator.cpp)
C:\Users\Javi\Desktop\Escritorio Temporal\SIM\SimulacionFisicaVideojuegos\common\PhysX-3.4\PxShared\include\task\PxTask.h(326,19): message : vea la declaración de 'physx::PxLightCpuTask::mRefCount' (compilando archivo de origen BuoyancyForceGenerator.cpp)
C:\Users\Javi\Desktop\Escritorio Temporal\SIM\SimulacionFisicaVideojuegos\common\PhysX-3.4\PxShared\include\task\PxTask.h(329,1): warning C5220: "physx::PxLightCpuTask::mRefCount": un miembro de datos no estático con un tipo calificado volátil ya no implica
           que los constructores de copia/movimiento generados por el compilador y los operadores de asignación de copia o movimiento no sean triviales (compilando archivo de origen AnchorParticle.cpp)
C:\Users\Javi\Desktop\Escritorio Temporal\SIM\SimulacionFisicaVideojuegos\common\PhysX-3.4\PxShared\include\task\PxTask.h(326,19): message : vea la declaración de 'physx::PxLightCpuTask::mRefCount' (compilando archivo de origen AnchorParticle.cpp)
C:\Users\Javi\Desktop\Escritorio Temporal\SIM\SimulacionFisicaVideojuegos\common\PhysX-3.4\PxShared\include\task\PxTask.h(329,1): warning C5220: "physx::PxLightCpuTask::mRefCount": un miembro de datos no estático con un tipo calificado volátil ya no implica
           que los constructores de copia/movimiento generados por el compilador y los operadores de asignación de copia o movimiento no sean triviales (compilando archivo de origen RigidBody.cpp)
C:\Users\Javi\Desktop\Escritorio Temporal\SIM\SimulacionFisicaVideojuegos\common\PhysX-3.4\PxShared\include\task\PxTask.h(326,19): message : vea la declaración de 'physx::PxLightCpuTask::mRefCount' (compilando archivo de origen RigidBody.cpp)
C:\Users\Javi\Desktop\Escritorio Temporal\SIM\SimulacionFisicaVideojuegos\common\PhysX-3.4\PxShared\include\task\PxTask.h(329,1): warning C5220: "physx::PxLightCpuTask::mRefCount": un miembro de datos no estático con un tipo calificado volátil ya no implica
           que los constructores de copia/movimiento generados por el compilador y los operadores de asignación de copia o movimiento no sean triviales (compilando archivo de origen ExplosionGenerator.cpp)
C:\Users\Javi\Desktop\Escritorio Temporal\SIM\SimulacionFisicaVideojuegos\common\PhysX-3.4\PxShared\include\task\PxTask.h(326,19): message : vea la declaración de 'physx::PxLightCpuTask::mRefCount' (compilando archivo de origen ExplosionGenerator.cpp)
C:\Users\Javi\Desktop\Escritorio Temporal\SIM\SimulacionFisicaVideojuegos\common\PhysX-3.4\PxShared\include\task\PxTask.h(329,1): warning C5220: "physx::PxLightCpuTask::mRefCount": un miembro de datos no estático con un tipo calificado volátil ya no implica
           que los constructores de copia/movimiento generados por el compilador y los operadores de asignación de copia o movimiento no sean triviales (compilando archivo de origen ParticleSystem.cpp)
C:\Users\Javi\Desktop\Escritorio Temporal\SIM\SimulacionFisicaVideojuegos\common\PhysX-3.4\PxShared\include\task\PxTask.h(326,19): message : vea la declaración de 'physx::PxLightCpuTask::mRefCount' (compilando archivo de origen ParticleSystem.cpp)
C:\Users\Javi\Desktop\Escritorio Temporal\SIM\SimulacionFisicaVideojuegos\common\PhysX-3.4\PxShared\include\task\PxTask.h(329,1): warning C5220: "physx::PxLightCpuTask::mRefCount": un miembro de datos no estático con un tipo calificado volátil ya no implica
           que los constructores de copia/movimiento generados por el compilador y los operadores de asignación de copia o movimiento no sean triviales (compilando archivo de origen Particle.cpp)
C:\Users\Javi\Desktop\Escritorio Temporal\SIM\SimulacionFisicaVideojuegos\common\PhysX-3.4\PxShared\include\task\PxTask.h(326,19): message : vea la declaración de 'physx::PxLightCpuTask::mRefCount' (compilando archivo de origen Particle.cpp)
C:\Users\Javi\Desktop\Escritorio Temporal\SIM\SimulacionFisicaVideojuegos\common\PhysX-3.4\PxShared\include\task\PxTask.h(329,1): warning C5220: "physx::PxLightCpuTask::mRefCount": un miembro de datos no estático con un tipo calificado volátil ya no implica
           que los constructores de copia/movimiento generados por el compilador y los operadores de asignación de copia o movimiento no sean triviales (compilando archivo de origen ForceGenerator.cpp)
C:\Users\Javi\Desktop\Escritorio Temporal\SIM\SimulacionFisicaVideojuegos\common\PhysX-3.4\PxShared\include\task\PxTask.h(326,19): message : vea la declaración de 'physx::PxLightCpuTask::mRefCount' (compilando archivo de origen ForceGenerator.cpp)
C:\Users\Javi\Desktop\Escritorio Temporal\SIM\SimulacionFisicaVideojuegos\common\PhysX-3.4\PxShared\include\task\PxTask.h(329,1): warning C5220: "physx::PxLightCpuTask::mRefCount": un miembro de datos no estático con un tipo calificado volátil ya no implica
           que los constructores de copia/movimiento generados por el compilador y los operadores de asignación de copia o movimiento no sean triviales (compilando archivo de origen GravityGenerator.cpp)
C:\Users\Javi\Desktop\Escritorio Temporal\SIM\SimulacionFisicaVideojuegos\common\PhysX-3.4\PxShared\include\task\PxTask.h(326,19): message : vea la declaración de 'physx::PxLightCpuTask::mRefCount' (compilando archivo de origen GravityGenerator.cpp)
C:\Users\Javi\Desktop\Escritorio Temporal\SIM\SimulacionFisicaVideojuegos\common\PhysX-3.4\PxShared\include\task\PxTask.h(329,1): warning C5220: "physx::PxLightCpuTask::mRefCount": un miembro de datos no estático con un tipo calificado volátil ya no implica
           que los constructores de copia/movimiento generados por el compilador y los operadores de asignación de copia o movimiento no sean triviales (compilando archivo de origen ParticleGenerator.cpp)
C:\Users\Javi\Desktop\Escritorio Temporal\SIM\SimulacionFisicaVideojuegos\common\PhysX-3.4\PxShared\include\task\PxTask.h(326,19): message : vea la declaración de 'physx::PxLightCpuTask::mRefCount' (compilando archivo de origen ParticleGenerator.cpp)
C:\Users\Javi\Desktop\Escritorio Temporal\SIM\SimulacionFisicaVideojuegos\common\PhysX-3.4\PxShared\include\task\PxTask.h(329,1): warning C5220: "physx::PxLightCpuTask::mRefCount": un miembro de datos no estático con un tipo calificado volátil ya no implica
           que los constructores de copia/movimiento generados por el compilador y los operadores de asignación de copia o movimiento no sean triviales (compilando archivo de origen NormalGenerator.cpp)
C:\Users\Javi\Desktop\Escritorio Temporal\SIM\SimulacionFisicaVideojuegos\common\PhysX-3.4\PxShared\include\task\PxTask.h(326,19): message : vea la declaración de 'physx::PxLightCpuTask::mRefCount' (compilando archivo de origen NormalGenerator.cpp)
C:\Users\Javi\Desktop\Escritorio Temporal\SIM\SimulacionFisicaVideojuegos\skeleton\core.hpp(16,1): warning C4091: 'typedef ': se ha omitido a la izquierda de 'physx::PxVec3' cuando no hay ninguna variable declarada (compilando archivo de origen callbacks.cpp)
C:\Users\Javi\Desktop\Escritorio Temporal\SIM\SimulacionFisicaVideojuegos\skeleton\core.hpp(16,1): warning C4091: 'typedef ': se ha omitido a la izquierda de 'physx::PxVec3' cuando no hay ninguna variable declarada (compilando archivo de origen Level2.cpp)
C:\Users\Javi\Desktop\Escritorio Temporal\SIM\SimulacionFisicaVideojuegos\skeleton\core.hpp(16,1): warning C4091: 'typedef ': se ha omitido a la izquierda de 'physx::PxVec3' cuando no hay ninguna variable declarada (compilando archivo de origen main.cpp)
C:\Users\Javi\Desktop\Escritorio Temporal\SIM\SimulacionFisicaVideojuegos\skeleton\core.hpp(16,1): warning C4091: 'typedef ': se ha omitido a la izquierda de 'physx::PxVec3' cuando no hay ninguna variable declarada (compilando archivo de origen RenderUtils.cpp)
C:\Users\Javi\Desktop\Escritorio Temporal\SIM\SimulacionFisicaVideojuegos\skeleton\core.hpp(16,1): warning C4091: 'typedef ': se ha omitido a la izquierda de 'physx::PxVec3' cuando no hay ninguna variable declarada (compilando archivo de origen BuoyancyForceGenerator.cpp)
C:\Users\Javi\Desktop\Escritorio Temporal\SIM\SimulacionFisicaVideojuegos\skeleton\core.hpp(16,1): warning C4091: 'typedef ': se ha omitido a la izquierda de 'physx::PxVec3' cuando no hay ninguna variable declarada (compilando archivo de origen Level1.cpp)
C:\Users\Javi\Desktop\Escritorio Temporal\SIM\SimulacionFisicaVideojuegos\skeleton\ForceGenerator.h(20,11): warning C5038: miembro de datos "ForceGenerator::type" se inicializará después de miembro de datos "ForceGenerator::alive" (compilando archivo de origen BuoyancyForceGenerator.cpp)
C:\Users\Javi\Desktop\Escritorio Temporal\SIM\SimulacionFisicaVideojuegos\skeleton\BuoyancyForceGenerator.h(11,31): warning C4100: 'p': parámetro formal sin referencia (compilando archivo de origen BuoyancyForceGenerator.cpp)
C:\Users\Javi\Desktop\Escritorio Temporal\SIM\SimulacionFisicaVideojuegos\skeleton\BuoyancyForceGenerator.h(14,29): warning C4100: 't': parámetro formal sin referencia (compilando archivo de origen BuoyancyForceGenerator.cpp)
C:\Users\Javi\Desktop\Escritorio Temporal\SIM\SimulacionFisicaVideojuegos\skeleton\core.hpp(16,1): warning C4091: 'typedef ': se ha omitido a la izquierda de 'physx::PxVec3' cuando no hay ninguna variable declarada (compilando archivo de origen ExplosionGenerator.cpp)
  Scene.cpp
C:\Users\Javi\Desktop\Escritorio Temporal\SIM\SimulacionFisicaVideojuegos\skeleton\core.hpp(16,1): warning C4091: 'typedef ': se ha omitido a la izquierda de 'physx::PxVec3' cuando no hay ninguna variable declarada (compilando archivo de origen AnchorParticle.cpp)
C:\Users\Javi\Desktop\Escritorio Temporal\SIM\SimulacionFisicaVideojuegos\skeleton\ForceGenerator.h(20,11): warning C5038: miembro de datos "ForceGenerator::type" se inicializará después de miembro de datos "ForceGenerator::alive" (compilando archivo de origen ExplosionGenerator.cpp)
C:\Users\Javi\Desktop\Escritorio Temporal\SIM\SimulacionFisicaVideojuegos\skeleton\ForceGenerator.h(20,11): warning C5038: miembro de datos "ForceGenerator::type" se inicializará después de miembro de datos "ForceGenerator::alive" (compilando archivo de origen AnchorParticle.cpp)
C:\Users\Javi\Desktop\Escritorio Temporal\SIM\SimulacionFisicaVideojuegos\skeleton\SpringForceGenerator.h(10,21): warning C4100: 't': parámetro formal sin referencia (compilando archivo de origen AnchorParticle.cpp)
C:\Users\Javi\Desktop\Escritorio Temporal\SIM\SimulacionFisicaVideojuegos\skeleton\core.hpp(16,1): warning C4091: 'typedef ': se ha omitido a la izquierda de 'physx::PxVec3' cuando no hay ninguna variable declarada (compilando archivo de origen ParticleGenerator.cpp)
C:\Users\Javi\Desktop\Escritorio Temporal\SIM\SimulacionFisicaVideojuegos\skeleton\core.hpp(16,1): warning C4091: 'typedef ': se ha omitido a la izquierda de 'physx::PxVec3' cuando no hay ninguna variable declarada (compilando archivo de origen GravityGenerator.cpp)
C:\Users\Javi\Desktop\Escritorio Temporal\SIM\SimulacionFisicaVideojuegos\skeleton\core.hpp(16,1): warning C4091: 'typedef ': se ha omitido a la izquierda de 'physx::PxVec3' cuando no hay ninguna variable declarada (compilando archivo de origen ParticleSystem.cpp)
C:\Users\Javi\Desktop\Escritorio Temporal\SIM\SimulacionFisicaVideojuegos\skeleton\ForceGenerator.h(20,11): warning C5038: miembro de datos "ForceGenerator::type" se inicializará después de miembro de datos "ForceGenerator::alive" (compilando archivo de origen Level2.cpp)
C:\Users\Javi\Desktop\Escritorio Temporal\SIM\SimulacionFisicaVideojuegos\skeleton\core.hpp(16,1): warning C4091: 'typedef ': se ha omitido a la izquierda de 'physx::PxVec3' cuando no hay ninguna variable declarada (compilando archivo de origen Particle.cpp)
C:\Users\Javi\Desktop\Escritorio Temporal\SIM\SimulacionFisicaVideojuegos\skeleton\ForceGenerator.h(20,11): warning C5038: miembro de datos "ForceGenerator::type" se inicializará después de miembro de datos "ForceGenerator::alive" (compilando archivo de origen Level1.cpp)
C:\Users\Javi\Desktop\Escritorio Temporal\SIM\SimulacionFisicaVideojuegos\skeleton\Render\Render.cpp(398,13): warning C4267: 'inicializando': conversión de 'size_t' a 'int'; posible pérdida de datos
C:\Users\Javi\Desktop\Escritorio Temporal\SIM\SimulacionFisicaVideojuegos\skeleton\ForceGenerator.h(20,11): warning C5038: miembro de datos "ForceGenerator::type" se inicializará después de miembro de datos "ForceGenerator::alive" (compilando archivo de origen GravityGenerator.cpp)
C:\Users\Javi\Desktop\Escritorio Temporal\SIM\SimulacionFisicaVideojuegos\skeleton\GravityGenerator.h(13,24): warning C4100: 't': parámetro formal sin referencia (compilando archivo de origen GravityGenerator.cpp)
C:\Users\Javi\Desktop\Escritorio Temporal\SIM\SimulacionFisicaVideojuegos\skeleton\GravityGenerator.cpp(4,7): warning C5038: miembro de datos "GravityGenerator::gravityForce_" se inicializará después de clase base "ForceGenerator"
C:\Users\Javi\Desktop\Escritorio Temporal\SIM\SimulacionFisicaVideojuegos\skeleton\core.hpp(16,1): warning C4091: 'typedef ': se ha omitido a la izquierda de 'physx::PxVec3' cuando no hay ninguna variable declarada (compilando archivo de origen ForceGenerator.cpp)
C:\Users\Javi\Desktop\Escritorio Temporal\SIM\SimulacionFisicaVideojuegos\skeleton\ParticleGenerator.h(35,1): warning C4265: "ParticleGenerator": la clase tiene funciones virtuales, pero su destructor no trivial no es virtual; puede que las instancias de esta clase no se destruyan correctamente (compilando archivo de origen ExplosionGenerator.cpp)
C:\Users\Javi\Desktop\Escritorio Temporal\SIM\SimulacionFisicaVideojuegos\skeleton\ForceGenerator.h(20,11): warning C5038: miembro de datos "ForceGenerator::type" se inicializará después de miembro de datos "ForceGenerator::alive" (compilando archivo de origen ForceGenerator.cpp)
C:\Users\Javi\Desktop\Escritorio Temporal\SIM\SimulacionFisicaVideojuegos\skeleton\NormalGenerator.h(18,1): warning C4265: "NormalGenerator": la clase tiene funciones virtuales, pero su destructor no trivial no es virtual; puede que las instancias de esta clase no se destruyan correctamente (compilando archivo de origen ExplosionGenerator.cpp)
C:\Users\Javi\Desktop\Escritorio Temporal\SIM\SimulacionFisicaVideojuegos\skeleton\UniformGenerator.h(15,1): warning C4265: "UniformGenerator": la clase tiene funciones virtuales, pero su destructor no trivial no es virtual; puede que las instancias de esta clase no se destruyan correctamente (compilando archivo de origen ExplosionGenerator.cpp)
C:\Users\Javi\Desktop\Escritorio Temporal\SIM\SimulacionFisicaVideojuegos\skeleton\GravityGenerator.h(13,24): warning C4100: 't': parámetro formal sin referencia (compilando archivo de origen ExplosionGenerator.cpp)
C:\Users\Javi\Desktop\Escritorio Temporal\SIM\SimulacionFisicaVideojuegos\skeleton\WindGenerator.h(16,24): warning C4100: 't': parámetro formal sin referencia (compilando archivo de origen ExplosionGenerator.cpp)
C:\Users\Javi\Desktop\Escritorio Temporal\SIM\SimulacionFisicaVideojuegos\skeleton\WindGenerator.h(25,35): warning C4100: 'pPos': parámetro formal sin referencia (compilando archivo de origen ExplosionGenerator.cpp)
C:\Users\Javi\Desktop\Escritorio Temporal\SIM\SimulacionFisicaVideojuegos\skeleton\SpringForceGenerator.h(10,21): warning C4100: 't': parámetro formal sin referencia (compilando archivo de origen ExplosionGenerator.cpp)
C:\Users\Javi\Desktop\Escritorio Temporal\SIM\SimulacionFisicaVideojuegos\skeleton\BuoyancyForceGenerator.h(11,31): warning C4100: 'p': parámetro formal sin referencia (compilando archivo de origen ExplosionGenerator.cpp)
C:\Users\Javi\Desktop\Escritorio Temporal\SIM\SimulacionFisicaVideojuegos\skeleton\BuoyancyForceGenerator.h(14,29): warning C4100: 't': parámetro formal sin referencia (compilando archivo de origen ExplosionGenerator.cpp)
C:\Users\Javi\Desktop\Escritorio Temporal\SIM\SimulacionFisicaVideojuegos\skeleton\core.hpp(16,1): warning C4091: 'typedef ': se ha omitido a la izquierda de 'physx::PxVec3' cuando no hay ninguna variable declarada (compilando archivo de origen NormalGenerator.cpp)
C:\Users\Javi\Desktop\Escritorio Temporal\SIM\SimulacionFisicaVideojuegos\skeleton\ExplosionGenerator.h(12,33): warning C4100: 'p': parámetro formal sin referencia (compilando archivo de origen ExplosionGenerator.cpp)
C:\Users\Javi\Desktop\Escritorio Temporal\SIM\SimulacionFisicaVideojuegos\skeleton\ExplosionGenerator.h(13,34): warning C4100: 'p': parámetro formal sin referencia (compilando archivo de origen ExplosionGenerator.cpp)
C:\Users\Javi\Desktop\Escritorio Temporal\SIM\SimulacionFisicaVideojuegos\skeleton\ExplosionGenerator.cpp(4,69): warning C5038: miembro de datos "ExplosionGenerator::influenceArea" se inicializará después de miembro de datos "ExplosionGenerator::_k"
C:\Users\Javi\Desktop\Escritorio Temporal\SIM\SimulacionFisicaVideojuegos\skeleton\ForceGenerator.h(20,11): warning C5038: miembro de datos "ForceGenerator::type" se inicializará después de miembro de datos "ForceGenerator::alive" (compilando archivo de origen main.cpp)
C:\Users\Javi\Desktop\Escritorio Temporal\SIM\SimulacionFisicaVideojuegos\skeleton\ForceGenerator.h(20,11): warning C5038: miembro de datos "ForceGenerator::type" se inicializará después de miembro de datos "ForceGenerator::alive" (compilando archivo de origen ParticleGenerator.cpp)
  SpringForceGenerator.cpp
C:\Users\Javi\Desktop\Escritorio Temporal\SIM\SimulacionFisicaVideojuegos\skeleton\ParticleGenerator.h(35,1): warning C4265: "ParticleGenerator": la clase tiene funciones virtuales, pero su destructor no trivial no es virtual; puede que las instancias de esta clase no se destruyan correctamente (compilando archivo de origen main.cpp)
C:\Users\Javi\Desktop\Escritorio Temporal\SIM\SimulacionFisicaVideojuegos\skeleton\NormalGenerator.h(18,1): warning C4265: "NormalGenerator": la clase tiene funciones virtuales, pero su destructor no trivial no es virtual; puede que las instancias de esta clase no se destruyan correctamente (compilando archivo de origen main.cpp)
C:\Users\Javi\Desktop\Escritorio Temporal\SIM\SimulacionFisicaVideojuegos\skeleton\UniformGenerator.h(15,1): warning C4265: "UniformGenerator": la clase tiene funciones virtuales, pero su destructor no trivial no es virtual; puede que las instancias de esta clase no se destruyan correctamente (compilando archivo de origen main.cpp)
C:\Users\Javi\Desktop\Escritorio Temporal\SIM\SimulacionFisicaVideojuegos\skeleton\GravityGenerator.h(13,24): warning C4100: 't': parámetro formal sin referencia (compilando archivo de origen main.cpp)
C:\Users\Javi\Desktop\Escritorio Temporal\SIM\SimulacionFisicaVideojuegos\skeleton\ParticleGenerator.h(35,1): warning C4265: "ParticleGenerator": la clase tiene funciones virtuales, pero su destructor no trivial no es virtual; puede que las instancias de esta clase no se destruyan correctamente (compilando archivo de origen ParticleGenerator.cpp)
C:\Users\Javi\Desktop\Escritorio Temporal\SIM\SimulacionFisicaVideojuegos\skeleton\WindGenerator.h(16,24): warning C4100: 't': parámetro formal sin referencia (compilando archivo de origen main.cpp)
C:\Users\Javi\Desktop\Escritorio Temporal\SIM\SimulacionFisicaVideojuegos\skeleton\WindGenerator.h(25,35): warning C4100: 'pPos': parámetro formal sin referencia (compilando archivo de origen main.cpp)
C:\Users\Javi\Desktop\Escritorio Temporal\SIM\SimulacionFisicaVideojuegos\skeleton\NormalGenerator.h(18,1): warning C4265: "NormalGenerator": la clase tiene funciones virtuales, pero su destructor no trivial no es virtual; puede que las instancias de esta clase no se destruyan correctamente (compilando archivo de origen ParticleGenerator.cpp)
C:\Users\Javi\Desktop\Escritorio Temporal\SIM\SimulacionFisicaVideojuegos\skeleton\UniformGenerator.h(15,1): warning C4265: "UniformGenerator": la clase tiene funciones virtuales, pero su destructor no trivial no es virtual; puede que las instancias de esta clase no se destruyan correctamente (compilando archivo de origen ParticleGenerator.cpp)
C:\Users\Javi\Desktop\Escritorio Temporal\SIM\SimulacionFisicaVideojuegos\skeleton\ExplosionGenerator.h(12,33): warning C4100: 'p': parámetro formal sin referencia (compilando archivo de origen main.cpp)
C:\Users\Javi\Desktop\Escritorio Temporal\SIM\SimulacionFisicaVideojuegos\skeleton\ExplosionGenerator.h(13,34): warning C4100: 'p': parámetro formal sin referencia (compilando archivo de origen main.cpp)
C:\Users\Javi\Desktop\Escritorio Temporal\SIM\SimulacionFisicaVideojuegos\skeleton\GravityGenerator.h(13,24): warning C4100: 't': parámetro formal sin referencia (compilando archivo de origen ParticleGenerator.cpp)
C:\Users\Javi\Desktop\Escritorio Temporal\SIM\SimulacionFisicaVideojuegos\skeleton\WindGenerator.h(16,24): warning C4100: 't': parámetro formal sin referencia (compilando archivo de origen ParticleGenerator.cpp)
C:\Users\Javi\Desktop\Escritorio Temporal\SIM\SimulacionFisicaVideojuegos\skeleton\SpringForceGenerator.h(10,21): warning C4100: 't': parámetro formal sin referencia (compilando archivo de origen main.cpp)
C:\Users\Javi\Desktop\Escritorio Temporal\SIM\SimulacionFisicaVideojuegos\skeleton\WindGenerator.h(25,35): warning C4100: 'pPos': parámetro formal sin referencia (compilando archivo de origen ParticleGenerator.cpp)
C:\Users\Javi\Desktop\Escritorio Temporal\SIM\SimulacionFisicaVideojuegos\skeleton\BuoyancyForceGenerator.h(11,31): warning C4100: 'p': parámetro formal sin referencia (compilando archivo de origen main.cpp)
C:\Users\Javi\Desktop\Escritorio Temporal\SIM\SimulacionFisicaVideojuegos\skeleton\BuoyancyForceGenerator.h(14,29): warning C4100: 't': parámetro formal sin referencia (compilando archivo de origen main.cpp)
C:\Users\Javi\Desktop\Escritorio Temporal\SIM\SimulacionFisicaVideojuegos\skeleton\ExplosionGenerator.h(12,33): warning C4100: 'p': parámetro formal sin referencia (compilando archivo de origen ParticleGenerator.cpp)
C:\Users\Javi\Desktop\Escritorio Temporal\SIM\SimulacionFisicaVideojuegos\skeleton\ExplosionGenerator.h(13,34): warning C4100: 'p': parámetro formal sin referencia (compilando archivo de origen ParticleGenerator.cpp)
C:\Users\Javi\Desktop\Escritorio Temporal\SIM\SimulacionFisicaVideojuegos\skeleton\SpringForceGenerator.h(10,21): warning C4100: 't': parámetro formal sin referencia (compilando archivo de origen ParticleGenerator.cpp)
C:\Users\Javi\Desktop\Escritorio Temporal\SIM\SimulacionFisicaVideojuegos\skeleton\BuoyancyForceGenerator.h(11,31): warning C4100: 'p': parámetro formal sin referencia (compilando archivo de origen ParticleGenerator.cpp)
C:\Users\Javi\Desktop\Escritorio Temporal\SIM\SimulacionFisicaVideojuegos\skeleton\BuoyancyForceGenerator.h(14,29): warning C4100: 't': parámetro formal sin referencia (compilando archivo de origen ParticleGenerator.cpp)
  UniformGenerator.cpp
C:\Users\Javi\Desktop\Escritorio Temporal\SIM\SimulacionFisicaVideojuegos\skeleton\ParticleGenerator.h(35,1): warning C4265: "ParticleGenerator": la clase tiene funciones virtuales, pero su destructor no trivial no es virtual; puede que las instancias de esta clase no se destruyan correctamente (compilando archivo de origen Level2.cpp)
C:\Users\Javi\Desktop\Escritorio Temporal\SIM\SimulacionFisicaVideojuegos\skeleton\NormalGenerator.h(18,1): warning C4265: "NormalGenerator": la clase tiene funciones virtuales, pero su destructor no trivial no es virtual; puede que las instancias de esta clase no se destruyan correctamente (compilando archivo de origen Level2.cpp)
C:\Users\Javi\Desktop\Escritorio Temporal\SIM\SimulacionFisicaVideojuegos\skeleton\UniformGenerator.h(15,1): warning C4265: "UniformGenerator": la clase tiene funciones virtuales, pero su destructor no trivial no es virtual; puede que las instancias de esta clase no se destruyan correctamente (compilando archivo de origen Level2.cpp)
C:\Users\Javi\Desktop\Escritorio Temporal\SIM\SimulacionFisicaVideojuegos\skeleton\GravityGenerator.h(13,24): warning C4100: 't': parámetro formal sin referencia (compilando archivo de origen Level2.cpp)
C:\Users\Javi\Desktop\Escritorio Temporal\SIM\SimulacionFisicaVideojuegos\skeleton\WindGenerator.h(16,24): warning C4100: 't': parámetro formal sin referencia (compilando archivo de origen Level2.cpp)
C:\Users\Javi\Desktop\Escritorio Temporal\SIM\SimulacionFisicaVideojuegos\skeleton\ParticleGenerator.h(35,1): warning C4265: "ParticleGenerator": la clase tiene funciones virtuales, pero su destructor no trivial no es virtual; puede que las instancias de esta clase no se destruyan correctamente (compilando archivo de origen Level1.cpp)
C:\Users\Javi\Desktop\Escritorio Temporal\SIM\SimulacionFisicaVideojuegos\skeleton\WindGenerator.h(25,35): warning C4100: 'pPos': parámetro formal sin referencia (compilando archivo de origen Level2.cpp)
C:\Users\Javi\Desktop\Escritorio Temporal\SIM\SimulacionFisicaVideojuegos\skeleton\NormalGenerator.h(18,1): warning C4265: "NormalGenerator": la clase tiene funciones virtuales, pero su destructor no trivial no es virtual; puede que las instancias de esta clase no se destruyan correctamente (compilando archivo de origen Level1.cpp)
C:\Users\Javi\Desktop\Escritorio Temporal\SIM\SimulacionFisicaVideojuegos\skeleton\UniformGenerator.h(15,1): warning C4265: "UniformGenerator": la clase tiene funciones virtuales, pero su destructor no trivial no es virtual; puede que las instancias de esta clase no se destruyan correctamente (compilando archivo de origen Level1.cpp)
C:\Users\Javi\Desktop\Escritorio Temporal\SIM\SimulacionFisicaVideojuegos\skeleton\ExplosionGenerator.h(12,33): warning C4100: 'p': parámetro formal sin referencia (compilando archivo de origen Level2.cpp)
C:\Users\Javi\Desktop\Escritorio Temporal\SIM\SimulacionFisicaVideojuegos\skeleton\GravityGenerator.h(13,24): warning C4100: 't': parámetro formal sin referencia (compilando archivo de origen Level1.cpp)
C:\Users\Javi\Desktop\Escritorio Temporal\SIM\SimulacionFisicaVideojuegos\skeleton\ExplosionGenerator.h(13,34): warning C4100: 'p': parámetro formal sin referencia (compilando archivo de origen Level2.cpp)
C:\Users\Javi\Desktop\Escritorio Temporal\SIM\SimulacionFisicaVideojuegos\skeleton\ParticleGenerator.cpp(5,5): warning C5038: miembro de datos "ParticleGenerator::myParticle" se inicializará después de miembro de datos "ParticleGenerator::creationVelocity"
C:\Users\Javi\Desktop\Escritorio Temporal\SIM\SimulacionFisicaVideojuegos\skeleton\SpringForceGenerator.h(10,21): warning C4100: 't': parámetro formal sin referencia (compilando archivo de origen Level2.cpp)
C:\Users\Javi\Desktop\Escritorio Temporal\SIM\SimulacionFisicaVideojuegos\skeleton\WindGenerator.h(16,24): warning C4100: 't': parámetro formal sin referencia (compilando archivo de origen Level1.cpp)
C:\Users\Javi\Desktop\Escritorio Temporal\SIM\SimulacionFisicaVideojuegos\skeleton\WindGenerator.h(25,35): warning C4100: 'pPos': parámetro formal sin referencia (compilando archivo de origen Level1.cpp)
C:\Users\Javi\Desktop\Escritorio Temporal\SIM\SimulacionFisicaVideojuegos\skeleton\BuoyancyForceGenerator.h(11,31): warning C4100: 'p': parámetro formal sin referencia (compilando archivo de origen Level2.cpp)
C:\Users\Javi\Desktop\Escritorio Temporal\SIM\SimulacionFisicaVideojuegos\skeleton\ExplosionGenerator.h(12,33): warning C4100: 'p': parámetro formal sin referencia (compilando archivo de origen Level1.cpp)
C:\Users\Javi\Desktop\Escritorio Temporal\SIM\SimulacionFisicaVideojuegos\skeleton\BuoyancyForceGenerator.h(14,29): warning C4100: 't': parámetro formal sin referencia (compilando archivo de origen Level2.cpp)
C:\Users\Javi\Desktop\Escritorio Temporal\SIM\SimulacionFisicaVideojuegos\skeleton\ExplosionGenerator.h(13,34): warning C4100: 'p': parámetro formal sin referencia (compilando archivo de origen Level1.cpp)
C:\Users\Javi\Desktop\Escritorio Temporal\SIM\SimulacionFisicaVideojuegos\skeleton\SpringForceGenerator.h(10,21): warning C4100: 't': parámetro formal sin referencia (compilando archivo de origen Level1.cpp)
C:\Users\Javi\Desktop\Escritorio Temporal\SIM\SimulacionFisicaVideojuegos\skeleton\ParticleGenerator.cpp(49,18): warning C5219: conversión implícita de "int" a "float"; posible pérdida de datos
C:\Users\Javi\Desktop\Escritorio Temporal\SIM\SimulacionFisicaVideojuegos\skeleton\BuoyancyForceGenerator.h(11,31): warning C4100: 'p': parámetro formal sin referencia (compilando archivo de origen Level1.cpp)
C:\Users\Javi\Desktop\Escritorio Temporal\SIM\SimulacionFisicaVideojuegos\skeleton\BuoyancyForceGenerator.h(14,29): warning C4100: 't': parámetro formal sin referencia (compilando archivo de origen Level1.cpp)
C:\Users\Javi\Desktop\Escritorio Temporal\SIM\SimulacionFisicaVideojuegos\skeleton\ForceGenerator.h(20,11): warning C5038: miembro de datos "ForceGenerator::type" se inicializará después de miembro de datos "ForceGenerator::alive" (compilando archivo de origen ParticleSystem.cpp)
C:\Users\Javi\Desktop\Escritorio Temporal\SIM\SimulacionFisicaVideojuegos\skeleton\ForceGenerator.h(20,11): warning C5038: miembro de datos "ForceGenerator::type" se inicializará después de miembro de datos "ForceGenerator::alive" (compilando archivo de origen Particle.cpp)
C:\Users\Javi\Desktop\Escritorio Temporal\SIM\SimulacionFisicaVideojuegos\skeleton\ParticleGenerator.h(35,1): warning C4265: "ParticleGenerator": la clase tiene funciones virtuales, pero su destructor no trivial no es virtual; puede que las instancias de esta clase no se destruyan correctamente (compilando archivo de origen ParticleSystem.cpp)
C:\Users\Javi\Desktop\Escritorio Temporal\SIM\SimulacionFisicaVideojuegos\skeleton\NormalGenerator.h(18,1): warning C4265: "NormalGenerator": la clase tiene funciones virtuales, pero su destructor no trivial no es virtual; puede que las instancias de esta clase no se destruyan correctamente (compilando archivo de origen ParticleSystem.cpp)
C:\Users\Javi\Desktop\Escritorio Temporal\SIM\SimulacionFisicaVideojuegos\skeleton\UniformGenerator.h(15,1): warning C4265: "UniformGenerator": la clase tiene funciones virtuales, pero su destructor no trivial no es virtual; puede que las instancias de esta clase no se destruyan correctamente (compilando archivo de origen ParticleSystem.cpp)
C:\Users\Javi\Desktop\Escritorio Temporal\SIM\SimulacionFisicaVideojuegos\skeleton\GravityGenerator.h(13,24): warning C4100: 't': parámetro formal sin referencia (compilando archivo de origen ParticleSystem.cpp)
C:\Users\Javi\Desktop\Escritorio Temporal\SIM\SimulacionFisicaVideojuegos\skeleton\WindGenerator.h(16,24): warning C4100: 't': parámetro formal sin referencia (compilando archivo de origen ParticleSystem.cpp)
C:\Users\Javi\Desktop\Escritorio Temporal\SIM\SimulacionFisicaVideojuegos\skeleton\WindGenerator.h(25,35): warning C4100: 'pPos': parámetro formal sin referencia (compilando archivo de origen ParticleSystem.cpp)
C:\Users\Javi\Desktop\Escritorio Temporal\SIM\SimulacionFisicaVideojuegos\skeleton\ParticleGenerator.h(35,1): warning C4265: "ParticleGenerator": la clase tiene funciones virtuales, pero su destructor no trivial no es virtual; puede que las instancias de esta clase no se destruyan correctamente (compilando archivo de origen Particle.cpp)
C:\Users\Javi\Desktop\Escritorio Temporal\SIM\SimulacionFisicaVideojuegos\skeleton\Level1.h(122,1): warning C4626: 'Level1': el operador de asignaciones se definió implícitamente como eliminado (compilando archivo de origen main.cpp)
C:\Users\Javi\Desktop\Escritorio Temporal\SIM\SimulacionFisicaVideojuegos\skeleton\NormalGenerator.h(18,1): warning C4265: "NormalGenerator": la clase tiene funciones virtuales, pero su destructor no trivial no es virtual; puede que las instancias de esta clase no se destruyan correctamente (compilando archivo de origen Particle.cpp)
C:\Users\Javi\Desktop\Escritorio Temporal\SIM\SimulacionFisicaVideojuegos\skeleton\ExplosionGenerator.h(12,33): warning C4100: 'p': parámetro formal sin referencia (compilando archivo de origen ParticleSystem.cpp)
C:\Users\Javi\Desktop\Escritorio Temporal\SIM\SimulacionFisicaVideojuegos\skeleton\UniformGenerator.h(15,1): warning C4265: "UniformGenerator": la clase tiene funciones virtuales, pero su destructor no trivial no es virtual; puede que las instancias de esta clase no se destruyan correctamente (compilando archivo de origen Particle.cpp)
C:\Users\Javi\Desktop\Escritorio Temporal\SIM\SimulacionFisicaVideojuegos\skeleton\ExplosionGenerator.h(13,34): warning C4100: 'p': parámetro formal sin referencia (compilando archivo de origen ParticleSystem.cpp)
C:\Users\Javi\Desktop\Escritorio Temporal\SIM\SimulacionFisicaVideojuegos\skeleton\GravityGenerator.h(13,24): warning C4100: 't': parámetro formal sin referencia (compilando archivo de origen Particle.cpp)
C:\Users\Javi\Desktop\Escritorio Temporal\SIM\SimulacionFisicaVideojuegos\skeleton\SpringForceGenerator.h(10,21): warning C4100: 't': parámetro formal sin referencia (compilando archivo de origen ParticleSystem.cpp)
C:\Users\Javi\Desktop\Escritorio Temporal\SIM\SimulacionFisicaVideojuegos\skeleton\Level2.h(39,1): warning C4626: 'Level2': el operador de asignaciones se definió implícitamente como eliminado (compilando archivo de origen Level2.cpp)
C:\Users\Javi\Desktop\Escritorio Temporal\SIM\SimulacionFisicaVideojuegos\skeleton\WindGenerator.h(16,24): warning C4100: 't': parámetro formal sin referencia (compilando archivo de origen Particle.cpp)
C:\Users\Javi\Desktop\Escritorio Temporal\SIM\SimulacionFisicaVideojuegos\skeleton\WindGenerator.h(25,35): warning C4100: 'pPos': parámetro formal sin referencia (compilando archivo de origen Particle.cpp)
C:\Users\Javi\Desktop\Escritorio Temporal\SIM\SimulacionFisicaVideojuegos\skeleton\BuoyancyForceGenerator.h(11,31): warning C4100: 'p': parámetro formal sin referencia (compilando archivo de origen ParticleSystem.cpp)
C:\Users\Javi\Desktop\Escritorio Temporal\SIM\SimulacionFisicaVideojuegos\skeleton\BuoyancyForceGenerator.h(14,29): warning C4100: 't': parámetro formal sin referencia (compilando archivo de origen ParticleSystem.cpp)
C:\Users\Javi\Desktop\Escritorio Temporal\SIM\SimulacionFisicaVideojuegos\skeleton\Level2.h(39,1): warning C4626: 'Level2': el operador de asignaciones se definió implícitamente como eliminado (compilando archivo de origen main.cpp)
C:\Users\Javi\Desktop\Escritorio Temporal\SIM\SimulacionFisicaVideojuegos\skeleton\ExplosionGenerator.h(12,33): warning C4100: 'p': parámetro formal sin referencia (compilando archivo de origen Particle.cpp)
C:\Users\Javi\Desktop\Escritorio Temporal\SIM\SimulacionFisicaVideojuegos\skeleton\ExplosionGenerator.h(13,34): warning C4100: 'p': parámetro formal sin referencia (compilando archivo de origen Particle.cpp)
C:\Users\Javi\Desktop\Escritorio Temporal\SIM\SimulacionFisicaVideojuegos\skeleton\SpringForceGenerator.h(10,21): warning C4100: 't': parámetro formal sin referencia (compilando archivo de origen Particle.cpp)
C:\Users\Javi\Desktop\Escritorio Temporal\SIM\SimulacionFisicaVideojuegos\skeleton\BuoyancyForceGenerator.h(11,31): warning C4100: 'p': parámetro formal sin referencia (compilando archivo de origen Particle.cpp)
C:\Users\Javi\Desktop\Escritorio Temporal\SIM\SimulacionFisicaVideojuegos\skeleton\BuoyancyForceGenerator.h(14,29): warning C4100: 't': parámetro formal sin referencia (compilando archivo de origen Particle.cpp)
C:\Users\Javi\Desktop\Escritorio Temporal\SIM\SimulacionFisicaVideojuegos\skeleton\Level2.cpp(129,12): warning C4458: la declaración de 'cameraOffset' oculta el miembro de clase
C:\Users\Javi\Desktop\Escritorio Temporal\SIM\SimulacionFisicaVideojuegos\skeleton\Level2.h(30,12): message : vea la declaración de 'Level2::cameraOffset' (compilando archivo de origen Level2.cpp)
C:\Users\Javi\Desktop\Escritorio Temporal\SIM\SimulacionFisicaVideojuegos\skeleton\ForceGenerator.h(20,11): warning C5038: miembro de datos "ForceGenerator::type" se inicializará después de miembro de datos "ForceGenerator::alive" (compilando archivo de origen NormalGenerator.cpp)
C:\Users\Javi\Desktop\Escritorio Temporal\SIM\SimulacionFisicaVideojuegos\skeleton\Level1.h(122,1): warning C4626: 'Level1': el operador de asignaciones se definió implícitamente como eliminado (compilando archivo de origen Level1.cpp)
C:\Users\Javi\Desktop\Escritorio Temporal\SIM\SimulacionFisicaVideojuegos\skeleton\ParticleGenerator.h(35,1): warning C4265: "ParticleGenerator": la clase tiene funciones virtuales, pero su destructor no trivial no es virtual; puede que las instancias de esta clase no se destruyan correctamente (compilando archivo de origen NormalGenerator.cpp)
C:\Users\Javi\Desktop\Escritorio Temporal\SIM\SimulacionFisicaVideojuegos\skeleton\UniformGenerator.h(15,1): warning C4265: "UniformGenerator": la clase tiene funciones virtuales, pero su destructor no trivial no es virtual; puede que las instancias de esta clase no se destruyan correctamente (compilando archivo de origen NormalGenerator.cpp)
C:\Users\Javi\Desktop\Escritorio Temporal\SIM\SimulacionFisicaVideojuegos\skeleton\GravityGenerator.h(13,24): warning C4100: 't': parámetro formal sin referencia (compilando archivo de origen NormalGenerator.cpp)
C:\Users\Javi\Desktop\Escritorio Temporal\SIM\SimulacionFisicaVideojuegos\skeleton\WindGenerator.h(16,24): warning C4100: 't': parámetro formal sin referencia (compilando archivo de origen NormalGenerator.cpp)
C:\Users\Javi\Desktop\Escritorio Temporal\SIM\SimulacionFisicaVideojuegos\skeleton\WindGenerator.h(25,35): warning C4100: 'pPos': parámetro formal sin referencia (compilando archivo de origen NormalGenerator.cpp)
C:\Users\Javi\Desktop\Escritorio Temporal\SIM\SimulacionFisicaVideojuegos\skeleton\ExplosionGenerator.h(12,33): warning C4100: 'p': parámetro formal sin referencia (compilando archivo de origen NormalGenerator.cpp)
C:\Users\Javi\Desktop\Escritorio Temporal\SIM\SimulacionFisicaVideojuegos\skeleton\ExplosionGenerator.h(13,34): warning C4100: 'p': parámetro formal sin referencia (compilando archivo de origen NormalGenerator.cpp)
C:\Users\Javi\Desktop\Escritorio Temporal\SIM\SimulacionFisicaVideojuegos\skeleton\SpringForceGenerator.h(10,21): warning C4100: 't': parámetro formal sin referencia (compilando archivo de origen NormalGenerator.cpp)
C:\Users\Javi\Desktop\Escritorio Temporal\SIM\SimulacionFisicaVideojuegos\skeleton\Particle.cpp(33,2): warning C5038: miembro de datos "Particle::lifeTime" se inicializará después de miembro de datos "Particle::acceleration"
C:\Users\Javi\Desktop\Escritorio Temporal\SIM\SimulacionFisicaVideojuegos\skeleton\Particle.cpp(33,18): warning C5038: miembro de datos "Particle::acceleration" se inicializará después de miembro de datos "Particle::velocity"
C:\Users\Javi\Desktop\Escritorio Temporal\SIM\SimulacionFisicaVideojuegos\skeleton\BuoyancyForceGenerator.h(11,31): warning C4100: 'p': parámetro formal sin referencia (compilando archivo de origen NormalGenerator.cpp)
C:\Users\Javi\Desktop\Escritorio Temporal\SIM\SimulacionFisicaVideojuegos\skeleton\BuoyancyForceGenerator.h(14,29): warning C4100: 't': parámetro formal sin referencia (compilando archivo de origen NormalGenerator.cpp)
C:\Users\Javi\Desktop\Escritorio Temporal\SIM\SimulacionFisicaVideojuegos\skeleton\Level1.cpp(132,23): warning C4388: '<': no coinciden signed/unsigned
C:\Users\Javi\Desktop\Escritorio Temporal\SIM\SimulacionFisicaVideojuegos\skeleton\Level1.cpp(211,12): warning C4458: la declaración de 'cameraOffset' oculta el miembro de clase
C:\Users\Javi\Desktop\Escritorio Temporal\SIM\SimulacionFisicaVideojuegos\skeleton\Level1.h(49,12): message : vea la declaración de 'Level1::cameraOffset' (compilando archivo de origen Level1.cpp)
C:\Users\Javi\Desktop\Escritorio Temporal\SIM\SimulacionFisicaVideojuegos\skeleton\Level1.cpp(301,75): warning C5219: conversión implícita de "int" a "float"; posible pérdida de datos
C:\Users\Javi\Desktop\Escritorio Temporal\SIM\SimulacionFisicaVideojuegos\skeleton\core.hpp(16,1): warning C4091: 'typedef ': se ha omitido a la izquierda de 'physx::PxVec3' cuando no hay ninguna variable declarada (compilando archivo de origen RigidBody.cpp)
C:\Users\Javi\Desktop\Escritorio Temporal\SIM\SimulacionFisicaVideojuegos\skeleton\ParticleSystem.cpp(12,3): warning C5205: la eliminación de una clase abstracta "ParticleGenerator" que tiene un destructor no virtual produce un comportamiento no definido
C:\Users\Javi\Desktop\Escritorio Temporal\SIM\SimulacionFisicaVideojuegos\skeleton\ParticleGenerator.h(13,7): message : vea la declaración de 'ParticleGenerator'
C:\Users\Javi\Desktop\Escritorio Temporal\SIM\SimulacionFisicaVideojuegos\skeleton\RigidBody.cpp(17,17): warning C4189: 'r': la variable local se ha inicializado pero no se hace referencia a ella
C:\Users\Javi\Desktop\Escritorio Temporal\SIM\SimulacionFisicaVideojuegos\skeleton\NormalGenerator.h(18,1): warning C4265: "NormalGenerator": la clase tiene funciones virtuales, pero su destructor no trivial no es virtual; puede que las instancias de esta clase no se destruyan correctamente (compilando archivo de origen NormalGenerator.cpp)
C:\Users\Javi\Desktop\Escritorio Temporal\SIM\SimulacionFisicaVideojuegos\skeleton\Render\Render.cpp(132): warning C5045: El compilador insertará la mitigación de Spectre para la carga de memoria si se especificó el modificador /Qspectre
  C:\Users\Javi\Desktop\Escritorio Temporal\SIM\SimulacionFisicaVideojuegos\skeleton\Render\Render.cpp(121) : nota: el intervalo "nbPolys" del índice se comprobó por comparación en esta línea
  C:\Users\Javi\Desktop\Escritorio Temporal\SIM\SimulacionFisicaVideojuegos\common\PhysX-3.4\PxShared\include\foundation\PxVec3.h(105) : nota: suministra la carga de memoria en esta línea
  WhirlwindGenerator.cpp
  WindGenerator.cpp
C:\Users\Javi\Desktop\Escritorio Temporal\SIM\SimulacionFisicaVideojuegos\common\PhysX-3.4\PxShared\include\task\PxTask.h(329,1): warning C5220: "physx::PxLightCpuTask::mRefCount": un miembro de datos no estático con un tipo calificado volátil ya no implica
           que los constructores de copia/movimiento generados por el compilador y los operadores de asignación de copia o movimiento no sean triviales (compilando archivo de origen Scene.cpp)
C:\Users\Javi\Desktop\Escritorio Temporal\SIM\SimulacionFisicaVideojuegos\common\PhysX-3.4\PxShared\include\task\PxTask.h(326,19): message : vea la declaración de 'physx::PxLightCpuTask::mRefCount' (compilando archivo de origen Scene.cpp)
C:\Users\Javi\Desktop\Escritorio Temporal\SIM\SimulacionFisicaVideojuegos\skeleton\Level1.cpp(449): warning C4723: posible división por 0
C:\Users\Javi\Desktop\Escritorio Temporal\SIM\SimulacionFisicaVideojuegos\common\PhysX-3.4\PxShared\include\task\PxTask.h(329,1): warning C5220: "physx::PxLightCpuTask::mRefCount": un miembro de datos no estático con un tipo calificado volátil ya no implica
           que los constructores de copia/movimiento generados por el compilador y los operadores de asignación de copia o movimiento no sean triviales (compilando archivo de origen UniformGenerator.cpp)
C:\Users\Javi\Desktop\Escritorio Temporal\SIM\SimulacionFisicaVideojuegos\common\PhysX-3.4\PxShared\include\task\PxTask.h(326,19): message : vea la declaración de 'physx::PxLightCpuTask::mRefCount' (compilando archivo de origen UniformGenerator.cpp)
C:\Users\Javi\Desktop\Escritorio Temporal\SIM\SimulacionFisicaVideojuegos\common\PhysX-3.4\PxShared\include\task\PxTask.h(329,1): warning C5220: "physx::PxLightCpuTask::mRefCount": un miembro de datos no estático con un tipo calificado volátil ya no implica
           que los constructores de copia/movimiento generados por el compilador y los operadores de asignación de copia o movimiento no sean triviales (compilando archivo de origen SpringForceGenerator.cpp)
C:\Users\Javi\Desktop\Escritorio Temporal\SIM\SimulacionFisicaVideojuegos\common\PhysX-3.4\PxShared\include\task\PxTask.h(326,19): message : vea la declaración de 'physx::PxLightCpuTask::mRefCount' (compilando archivo de origen SpringForceGenerator.cpp)
C:\Users\Javi\Desktop\Escritorio Temporal\SIM\SimulacionFisicaVideojuegos\common\PhysX-3.4\PxShared\include\task\PxTask.h(329,1): warning C5220: "physx::PxLightCpuTask::mRefCount": un miembro de datos no estático con un tipo calificado volátil ya no implica
           que los constructores de copia/movimiento generados por el compilador y los operadores de asignación de copia o movimiento no sean triviales (compilando archivo de origen WindGenerator.cpp)
C:\Users\Javi\Desktop\Escritorio Temporal\SIM\SimulacionFisicaVideojuegos\common\PhysX-3.4\PxShared\include\task\PxTask.h(326,19): message : vea la declaración de 'physx::PxLightCpuTask::mRefCount' (compilando archivo de origen WindGenerator.cpp)
C:\Users\Javi\Desktop\Escritorio Temporal\SIM\SimulacionFisicaVideojuegos\common\PhysX-3.4\PxShared\include\task\PxTask.h(329,1): warning C5220: "physx::PxLightCpuTask::mRefCount": un miembro de datos no estático con un tipo calificado volátil ya no implica
           que los constructores de copia/movimiento generados por el compilador y los operadores de asignación de copia o movimiento no sean triviales (compilando archivo de origen WhirlwindGenerator.cpp)
C:\Users\Javi\Desktop\Escritorio Temporal\SIM\SimulacionFisicaVideojuegos\common\PhysX-3.4\PxShared\include\task\PxTask.h(326,19): message : vea la declaración de 'physx::PxLightCpuTask::mRefCount' (compilando archivo de origen WhirlwindGenerator.cpp)
C:\Users\Javi\Desktop\Escritorio Temporal\SIM\SimulacionFisicaVideojuegos\skeleton\core.hpp(16,1): warning C4091: 'typedef ': se ha omitido a la izquierda de 'physx::PxVec3' cuando no hay ninguna variable declarada (compilando archivo de origen Scene.cpp)
C:\Users\Javi\Desktop\Escritorio Temporal\SIM\SimulacionFisicaVideojuegos\skeleton\ForceGenerator.h(20,11): warning C5038: miembro de datos "ForceGenerator::type" se inicializará después de miembro de datos "ForceGenerator::alive" (compilando archivo de origen Scene.cpp)
C:\Users\Javi\Desktop\Escritorio Temporal\SIM\SimulacionFisicaVideojuegos\skeleton\Scene.cpp(19,27): warning C4100: 't': parámetro formal sin referencia
C:\Users\Javi\Desktop\Escritorio Temporal\SIM\SimulacionFisicaVideojuegos\skeleton\Scene.cpp(34,62): warning C4100: 'camera': parámetro formal sin referencia
C:\Users\Javi\Desktop\Escritorio Temporal\SIM\SimulacionFisicaVideojuegos\skeleton\Scene.cpp(34,38): warning C4100: 'key': parámetro formal sin referencia
C:\Users\Javi\Desktop\Escritorio Temporal\SIM\SimulacionFisicaVideojuegos\skeleton\core.hpp(16,1): warning C4091: 'typedef ': se ha omitido a la izquierda de 'physx::PxVec3' cuando no hay ninguna variable declarada (compilando archivo de origen SpringForceGenerator.cpp)
C:\Users\Javi\Desktop\Escritorio Temporal\SIM\SimulacionFisicaVideojuegos\skeleton\ForceGenerator.h(20,11): warning C5038: miembro de datos "ForceGenerator::type" se inicializará después de miembro de datos "ForceGenerator::alive" (compilando archivo de origen SpringForceGenerator.cpp)
C:\Users\Javi\Desktop\Escritorio Temporal\SIM\SimulacionFisicaVideojuegos\skeleton\SpringForceGenerator.h(10,21): warning C4100: 't': parámetro formal sin referencia (compilando archivo de origen SpringForceGenerator.cpp)
C:\Users\Javi\Desktop\Escritorio Temporal\SIM\SimulacionFisicaVideojuegos\skeleton\core.hpp(16,1): warning C4091: 'typedef ': se ha omitido a la izquierda de 'physx::PxVec3' cuando no hay ninguna variable declarada (compilando archivo de origen UniformGenerator.cpp)
C:\Users\Javi\Desktop\Escritorio Temporal\SIM\SimulacionFisicaVideojuegos\skeleton\core.hpp(16,1): warning C4091: 'typedef ': se ha omitido a la izquierda de 'physx::PxVec3' cuando no hay ninguna variable declarada (compilando archivo de origen WindGenerator.cpp)
C:\Users\Javi\Desktop\Escritorio Temporal\SIM\SimulacionFisicaVideojuegos\skeleton\ForceGenerator.h(20,11): warning C5038: miembro de datos "ForceGenerator::type" se inicializará después de miembro de datos "ForceGenerator::alive" (compilando archivo de origen UniformGenerator.cpp)
C:\Users\Javi\Desktop\Escritorio Temporal\SIM\SimulacionFisicaVideojuegos\skeleton\ForceGenerator.h(20,11): warning C5038: miembro de datos "ForceGenerator::type" se inicializará después de miembro de datos "ForceGenerator::alive" (compilando archivo de origen WindGenerator.cpp)
C:\Users\Javi\Desktop\Escritorio Temporal\SIM\SimulacionFisicaVideojuegos\skeleton\WindGenerator.h(16,24): warning C4100: 't': parámetro formal sin referencia (compilando archivo de origen WindGenerator.cpp)
C:\Users\Javi\Desktop\Escritorio Temporal\SIM\SimulacionFisicaVideojuegos\skeleton\WindGenerator.h(25,35): warning C4100: 'pPos': parámetro formal sin referencia (compilando archivo de origen WindGenerator.cpp)
C:\Users\Javi\Desktop\Escritorio Temporal\SIM\SimulacionFisicaVideojuegos\skeleton\ParticleGenerator.h(35,1): warning C4265: "ParticleGenerator": la clase tiene funciones virtuales, pero su destructor no trivial no es virtual; puede que las instancias de esta clase no se destruyan correctamente (compilando archivo de origen UniformGenerator.cpp)
C:\Users\Javi\Desktop\Escritorio Temporal\SIM\SimulacionFisicaVideojuegos\skeleton\UniformGenerator.h(15,1): warning C4265: "UniformGenerator": la clase tiene funciones virtuales, pero su destructor no trivial no es virtual; puede que las instancias de esta clase no se destruyan correctamente (compilando archivo de origen UniformGenerator.cpp)
C:\Users\Javi\Desktop\Escritorio Temporal\SIM\SimulacionFisicaVideojuegos\skeleton\core.hpp(16,1): warning C4091: 'typedef ': se ha omitido a la izquierda de 'physx::PxVec3' cuando no hay ninguna variable declarada (compilando archivo de origen WhirlwindGenerator.cpp)
C:\Users\Javi\Desktop\Escritorio Temporal\SIM\SimulacionFisicaVideojuegos\skeleton\ForceGenerator.h(20,11): warning C5038: miembro de datos "ForceGenerator::type" se inicializará después de miembro de datos "ForceGenerator::alive" (compilando archivo de origen WhirlwindGenerator.cpp)
C:\Users\Javi\Desktop\Escritorio Temporal\SIM\SimulacionFisicaVideojuegos\skeleton\WindGenerator.h(16,24): warning C4100: 't': parámetro formal sin referencia (compilando archivo de origen WhirlwindGenerator.cpp)
C:\Users\Javi\Desktop\Escritorio Temporal\SIM\SimulacionFisicaVideojuegos\skeleton\WindGenerator.h(25,35): warning C4100: 'pPos': parámetro formal sin referencia (compilando archivo de origen WhirlwindGenerator.cpp)
  game.vcxproj -> C:\Users\Javi\Desktop\Escritorio Temporal\SIM\SimulacionFisicaVideojuegos\bin\game.exe
